# JRE version: Java(TM) SE Runtime Environment (8.0_92-b14) (build 1.8.0_92-b14)
# Java VM: Java HotSpot(TM) Client VM (25.92-b14 mixed mode windows-x86 )
Heap:
 def new generation   total 39424K, used 25583K [0x10200000, 0x12cc0000, 0x1aca0000)
  eden space 35072K,  72% used [0x10200000, 0x11aca788, 0x12440000)
  from space 4352K,   4% used [0x12880000, 0x128b17a8, 0x12cc0000)
  to   space 4352K,   0% used [0x12440000, 0x12440000, 0x12880000)
 tenured generation   total 87424K, used 27592K [0x1aca0000, 0x20200000, 0x30200000)
   the space 87424K,  31% used [0x1aca0000, 0x1c792348, 0x1c792400, 0x20200000)
 Metaspace       used 18262K, capacity 18717K, committed 18816K, reserved 18816K
GC Heap History (10 events):
Event: 5670.715 GC heap before
{Heap before GC invocations=7 (full 1):
 def new generation   total 39424K, used 35653K [0x10200000, 0x12cc0000, 0x1aca0000)
  eden space 35072K, 100% used [0x10200000, 0x12440000, 0x12440000)
  from space 4352K,  13% used [0x12440000, 0x124d1620, 0x12880000)
  to   space 4352K,   0% used [0x12880000, 0x12880000, 0x12cc0000)
 tenured generation   total 87424K, used 27592K [0x1aca0000, 0x20200000, 0x30200000)
   the space 87424K,  31% used [0x1aca0000, 0x1c792348, 0x1c792400, 0x20200000)
 Metaspace       used 18243K, capacity 18682K, committed 18688K, reserved 18816K
Event: 5670.717 GC heap after
Heap after GC invocations=8 (full 1):
 def new generation   total 39424K, used 550K [0x10200000, 0x12cc0000, 0x1aca0000)
  eden space 35072K,   0% used [0x10200000, 0x10200000, 0x12440000)
  from space 4352K,  12% used [0x12880000, 0x12909b60, 0x12cc0000)
  to   space 4352K,   0% used [0x12440000, 0x12440000, 0x12880000)
 tenured generation   total 87424K, used 27592K [0x1aca0000, 0x20200000, 0x30200000)
   the space 87424K,  31% used [0x1aca0000, 0x1c792348, 0x1c792400, 0x20200000)
 Metaspace       used 18243K, capacity 18682K, committed 18688K, reserved 18816K
}
Event: 8359.620 GC heap before
{Heap before GC invocations=8 (full 1):
 def new generation   total 39424K, used 35622K [0x10200000, 0x12cc0000, 0x1aca0000)
  eden space 35072K, 100% used [0x10200000, 0x12440000, 0x12440000)
  from space 4352K,  12% used [0x12880000, 0x12909b60, 0x12cc0000)
  to   space 4352K,   0% used [0x12440000, 0x12440000, 0x12880000)
 tenured generation   total 87424K, used 27592K [0x1aca0000, 0x20200000, 0x30200000)
   the space 87424K,  31% used [0x1aca0000, 0x1c792348, 0x1c792400, 0x20200000)
 Metaspace       used 18259K, capacity 18717K, committed 18816K, reserved 18816K
Event: 8359.622 GC heap after
Heap after GC invocations=9 (full 1):
 def new generation   total 39424K, used 205K [0x10200000, 0x12cc0000, 0x1aca0000)
  eden space 35072K,   0% used [0x10200000, 0x10200000, 0x12440000)
  from space 4352K,   4% used [0x12440000, 0x12473548, 0x12880000)
  to   space 4352K,   0% used [0x12880000, 0x12880000, 0x12cc0000)
 tenured generation   total 87424K, used 27592K [0x1aca0000, 0x20200000, 0x30200000)
   the space 87424K,  31% used [0x1aca0000, 0x1c792348, 0x1c792400, 0x20200000)
 Metaspace       used 18259K, capacity 18717K, committed 18816K, reserved 18816K
}
Event: 9498.981 GC heap before
{Heap before GC invocations=9 (full 1):
 def new generation   total 39424K, used 35277K [0x10200000, 0x12cc0000, 0x1aca0000)
  eden space 35072K, 100% used [0x10200000, 0x12440000, 0x12440000)
  from space 4352K,   4% used [0x12440000, 0x12473548, 0x12880000)
  to   space 4352K,   0% used [0x12880000, 0x12880000, 0x12cc0000)
 tenured generation   total 87424K, used 27592K [0x1aca0000, 0x20200000, 0x30200000)
   the space 87424K,  31% used [0x1aca0000, 0x1c792348, 0x1c792400, 0x20200000)
 Metaspace       used 18259K, capacity 18717K, committed 18816K, reserved 18816K
Event: 9498.983 GC heap after
Heap after GC invocations=10 (full 1):
 def new generation   total 39424K, used 190K [0x10200000, 0x12cc0000, 0x1aca0000)
  eden space 35072K,   0% used [0x10200000, 0x10200000, 0x12440000)
  from space 4352K,   4% used [0x12880000, 0x128afb38, 0x12cc0000)
  to   space 4352K,   0% used [0x12440000, 0x12440000, 0x12880000)
 tenured generation   total 87424K, used 27592K [0x1aca0000, 0x20200000, 0x30200000)
   the space 87424K,  31% used [0x1aca0000, 0x1c792348, 0x1c792400, 0x20200000)
 Metaspace       used 18259K, capacity 18717K, committed 18816K, reserved 18816K
}
Event: 10768.182 GC heap before
{Heap before GC invocations=10 (full 1):
 def new generation   total 39424K, used 35262K [0x10200000, 0x12cc0000, 0x1aca0000)
  eden space 35072K, 100% used [0x10200000, 0x12440000, 0x12440000)
  from space 4352K,   4% used [0x12880000, 0x128afb38, 0x12cc0000)
  to   space 4352K,   0% used [0x12440000, 0x12440000, 0x12880000)
 tenured generation   total 87424K, used 27592K [0x1aca0000, 0x20200000, 0x30200000)
   the space 87424K,  31% used [0x1aca0000, 0x1c792348, 0x1c792400, 0x20200000)
 Metaspace       used 18259K, capacity 18717K, committed 18816K, reserved 18816K
Event: 10768.183 GC heap after
Heap after GC invocations=11 (full 1):
 def new generation   total 39424K, used 186K [0x10200000, 0x12cc0000, 0x1aca0000)
  eden space 35072K,   0% used [0x10200000, 0x10200000, 0x12440000)
  from space 4352K,   4% used [0x12440000, 0x1246e860, 0x12880000)
  to   space 4352K,   0% used [0x12880000, 0x12880000, 0x12cc0000)
 tenured generation   total 87424K, used 27592K [0x1aca0000, 0x20200000, 0x30200000)
   the space 87424K,  31% used [0x1aca0000, 0x1c792348, 0x1c792400, 0x20200000)
 Metaspace       used 18259K, capacity 18717K, committed 18816K, reserved 18816K
}
Event: 13594.629 GC heap before
{Heap before GC invocations=11 (full 1):
 def new generation   total 39424K, used 35258K [0x10200000, 0x12cc0000, 0x1aca0000)
  eden space 35072K, 100% used [0x10200000, 0x12440000, 0x12440000)
  from space 4352K,   4% used [0x12440000, 0x1246e860, 0x12880000)
  to   space 4352K,   0% used [0x12880000, 0x12880000, 0x12cc0000)
 tenured generation   total 87424K, used 27592K [0x1aca0000, 0x20200000, 0x30200000)
   the space 87424K,  31% used [0x1aca0000, 0x1c792348, 0x1c792400, 0x20200000)
 Metaspace       used 18262K, capacity 18717K, committed 18816K, reserved 18816K
Event: 13594.631 GC heap after
Heap after GC invocations=12 (full 1):
 def new generation   total 39424K, used 197K [0x10200000, 0x12cc0000, 0x1aca0000)
  eden space 35072K,   0% used [0x10200000, 0x10200000, 0x12440000)
  from space 4352K,   4% used [0x12880000, 0x128b17a8, 0x12cc0000)
  to   space 4352K,   0% used [0x12440000, 0x12440000, 0x12880000)
 tenured generation   total 87424K, used 27592K [0x1aca0000, 0x20200000, 0x30200000)
   the space 87424K,  31% used [0x1aca0000, 0x1c792348, 0x1c792400, 0x20200000)
 Metaspace       used 18262K, capacity 18717K, committed 18816K, reserved 18816K
}

